<?xml version="1.0" encoding="UTF-8"?>
<!-- Generated by org.testng.reporters.JUnitXMLReporter -->
<testsuite ignored="0" hostname="DESKTOP-SOVBN6J" failures="0" tests="6" name="Default test" time="42.767" errors="0" timestamp="2024-09-09T18:32:13 IST">
  <testcase classname="Perfection_Mob.Script01" name="myFirstScript02" time="2.129"/>
  <testcase classname="Perfection_Mob.Script01" name="myFirstScript02" time="0.293"/>
  <testcase classname="Perfection_Mob.Script01" name="myFirstScript02" time="0.2"/>
  <testcase classname="Perfection_Mob.Script01" name="myFirstScript01" time="20.603"/>
  <testcase classname="Perfection_Mob.Script01" name="myFirstScript01" time="10.463"/>
  <testcase classname="Perfection_Mob.Script01" name="myFirstScript01" time="6.282"/>
</testsuite> <!-- Default test -->
