<?xml version="1.0" encoding="UTF-8"?>
<testng-results ignored="0" total="6" passed="6" failed="0" skipped="0">
  <reporter-output>
  </reporter-output>
  <suite started-at="2024-09-09T18:31:30 IST" name="Default suite" finished-at="2024-09-09T18:32:13 IST" duration-ms="42767">
    <groups>
    </groups>
    <test started-at="2024-09-09T18:31:30 IST" name="Default test" finished-at="2024-09-09T18:32:13 IST" duration-ms="42767">
      <class name="Perfection_Mob.Script01">
        <test-method is-config="true" signature="setUp()[pri:0, instance:Perfection_Mob.Script01@63376bed]" started-at="2024-09-09T18:31:30 IST" name="setUp" finished-at="2024-09-09T18:31:32 IST" duration-ms="2329" status="PASS">
          <reporter-output>
          </reporter-output>
        </test-method> <!-- setUp -->
        <test-method signature="myFirstScript02(java.lang.String,java.lang.String)[pri:1, instance:Perfection_Mob.Script01@63376bed]" started-at="2024-09-09T18:31:32 IST" name="myFirstScript02" data-provider="logindata" finished-at="2024-09-09T18:31:34 IST" duration-ms="2129" status="PASS">
          <params>
            <param index="0">
              <value>
                <![CDATA[user1]]>
              </value>
            </param>
            <param index="1">
              <value>
                <![CDATA[password1]]>
              </value>
            </param>
          </params>
          <reporter-output>
          </reporter-output>
        </test-method> <!-- myFirstScript02 -->
        <test-method signature="myFirstScript02(java.lang.String,java.lang.String)[pri:1, instance:Perfection_Mob.Script01@63376bed]" started-at="2024-09-09T18:31:34 IST" name="myFirstScript02" data-provider="logindata" finished-at="2024-09-09T18:31:35 IST" duration-ms="293" status="PASS">
          <params>
            <param index="0">
              <value>
                <![CDATA[user2]]>
              </value>
            </param>
            <param index="1">
              <value>
                <![CDATA[password2]]>
              </value>
            </param>
          </params>
          <reporter-output>
          </reporter-output>
        </test-method> <!-- myFirstScript02 -->
        <test-method signature="myFirstScript02(java.lang.String,java.lang.String)[pri:1, instance:Perfection_Mob.Script01@63376bed]" started-at="2024-09-09T18:31:35 IST" name="myFirstScript02" data-provider="logindata" finished-at="2024-09-09T18:31:35 IST" duration-ms="200" status="PASS">
          <params>
            <param index="0">
              <value>
                <![CDATA[user3]]>
              </value>
            </param>
            <param index="1">
              <value>
                <![CDATA[password3]]>
              </value>
            </param>
          </params>
          <reporter-output>
          </reporter-output>
        </test-method> <!-- myFirstScript02 -->
        <test-method signature="myFirstScript01(java.lang.String,java.lang.String)[pri:2, instance:Perfection_Mob.Script01@63376bed]" started-at="2024-09-09T18:31:35 IST" name="myFirstScript01" data-provider="logindata" finished-at="2024-09-09T18:31:56 IST" duration-ms="20603" status="PASS">
          <params>
            <param index="0">
              <value>
                <![CDATA[user1]]>
              </value>
            </param>
            <param index="1">
              <value>
                <![CDATA[password1]]>
              </value>
            </param>
          </params>
          <reporter-output>
          </reporter-output>
        </test-method> <!-- myFirstScript01 -->
        <test-method signature="myFirstScript01(java.lang.String,java.lang.String)[pri:2, instance:Perfection_Mob.Script01@63376bed]" started-at="2024-09-09T18:31:56 IST" name="myFirstScript01" data-provider="logindata" finished-at="2024-09-09T18:32:06 IST" duration-ms="10463" status="PASS">
          <params>
            <param index="0">
              <value>
                <![CDATA[user2]]>
              </value>
            </param>
            <param index="1">
              <value>
                <![CDATA[password2]]>
              </value>
            </param>
          </params>
          <reporter-output>
          </reporter-output>
        </test-method> <!-- myFirstScript01 -->
        <test-method signature="myFirstScript01(java.lang.String,java.lang.String)[pri:2, instance:Perfection_Mob.Script01@63376bed]" started-at="2024-09-09T18:32:06 IST" name="myFirstScript01" data-provider="logindata" finished-at="2024-09-09T18:32:12 IST" duration-ms="6282" status="PASS">
          <params>
            <param index="0">
              <value>
                <![CDATA[user3]]>
              </value>
            </param>
            <param index="1">
              <value>
                <![CDATA[password3]]>
              </value>
            </param>
          </params>
          <reporter-output>
          </reporter-output>
        </test-method> <!-- myFirstScript01 -->
        <test-method is-config="true" signature="tearDown()[pri:0, instance:Perfection_Mob.Script01@63376bed]" started-at="2024-09-09T18:32:12 IST" name="tearDown" finished-at="2024-09-09T18:32:13 IST" duration-ms="381" status="PASS">
          <reporter-output>
          </reporter-output>
        </test-method> <!-- tearDown -->
      </class> <!-- Perfection_Mob.Script01 -->
    </test> <!-- Default test -->
  </suite> <!-- Default suite -->
</testng-results>
